I, [2024-03-16T15:27:01.810421 #57932]  INFO -- : Processed and cleaned test_file_duplicate_cleaned.txt
I, [2024-03-16T15:28:15.935437 #57987]  INFO -- : Processed and cleaned test_file_duplicate_cleaned.txt
I, [2024-03-16T15:28:15.939445 #57987]  INFO -- : Successfully created JSON file: serialized_files/test_title.json
I, [2024-03-16T15:30:39.153280 #58132]  INFO -- : Processed and cleaned test_file_duplicate_cleaned.txt
I, [2024-03-16T15:33:15.891745 #58283]  INFO -- : Processed and cleaned Computer Crime Proclamation_duplicate_cleaned
I, [2024-03-16T15:33:15.894010 #58283]  INFO -- : Successfully created JSON file: serialized_files/federal_negarit_gazette_of_the_federal_democratic_republic_of_ethiopia_proclamation_no_958_2016_computer_crime_proclamation_page_9104.json
I, [2024-03-16T15:37:08.957384 #58525]  INFO -- : Processed and cleaned Computer Crime Proclamation_duplicate_cleaned
I, [2024-03-16T15:37:08.959412 #58525]  INFO -- : Successfully created JSON file: serialized_files/federal_negarit_gazette_of_the_federal_democratic_republic_of_ethiopia_proclamation_no_958_2016_computer_crime_proclamation_page_9104.json
I, [2024-03-16T15:58:34.067578 #59894]  INFO -- : Processed and cleaned Computer Crime Proclamation_duplicate_cleaned
I, [2024-03-16T15:58:34.070171 #59894]  INFO -- : Successfully created JSON file: serialized_files/federal_negarit_gazette_of_the_federal_democratic_republic_of_ethiopia_proclamation_no_958_2016_computer_crime_proclamation_page_9104.json
I, [2024-03-16T16:02:29.054220 #60208]  INFO -- : Processed and cleaned Computer Crime Proclamation_duplicate_cleaned
I, [2024-03-16T16:02:29.056654 #60208]  INFO -- : Successfully created JSON file: serialized_files/federal_negarit_gazette_of_the_federal_democratic_republic_of_ethiopia_proclamation_no_958_2016_computer_crime_proclamation_page_9104.json
I, [2024-03-16T16:06:48.058222 #61619]  INFO -- : Processed and cleaned Computer Crime Proclamation_duplicate_cleaned
I, [2024-03-16T16:06:48.063025 #61619]  INFO -- : Successfully created JSON file: serialized_files/federal_negarit_gazette_of_the_federal_democratic_republic_of_ethiopia_proclamation_no_958_2016_computer_crime_proclamation_page_9104.json
I, [2024-03-16T17:23:05.723258 #68928]  INFO -- : Processed and cleaned Computer Crime Proclamation_duplicate_cleaned
I, [2024-03-16T17:23:05.728941 #68928]  INFO -- : Successfully created JSON file: serialized_files/federal_negarit_gazette_of_the_federal_democratic_republic_of_ethiopia_proclamation_no_958_2016_computer_crime_proclamation_page_9104.json
I, [2024-03-16T17:23:05.733419 #68928]  INFO -- : Processed and cleaned Hate Speech Proclamation_duplicate_cleaned
I, [2024-03-16T17:31:27.617175 #69368]  INFO -- : Processed and cleaned Computer Crime Proclamation_duplicate_cleaned
I, [2024-03-16T17:32:54.550838 #69494]  INFO -- : Processed and cleaned Computer Crime Proclamation_duplicate_cleaned
I, [2024-03-16T17:32:54.555310 #69494]  INFO -- : Successfully created JSON file: serialized_files/federal_negarit_gazette_of_the_federal_democratic_republic_of_ethiopia_proclamation_no_958_2016_computer_crime_proclamation_page_9104.json
I, [2024-03-16T17:32:54.562872 #69494]  INFO -- : Processed and cleaned Hate Speech Proclamation_duplicate_cleaned
I, [2024-03-16T17:34:34.234450 #69616]  INFO -- : Processed and cleaned Computer Crime Proclamation_duplicate_cleaned
I, [2024-03-16T17:34:34.239661 #69616]  INFO -- : Successfully created JSON file: serialized_files/federal_negarit_gazette_of_the_federal_democratic_republic_of_ethiopia_proclamation_no_958_2016_computer_crime_proclamation_page_9104.json
I, [2024-03-16T17:34:34.245859 #69616]  INFO -- : Processed and cleaned Hate Speech Proclamation_duplicate_cleaned
I, [2024-03-16T17:35:44.909568 #69713]  INFO -- : Processed and cleaned Computer Crime Proclamation_duplicate_cleaned
I, [2024-03-16T17:35:44.914129 #69713]  INFO -- : Successfully created JSON file: serialized_files/federal_negarit_gazette_of_the_federal_democratic_republic_of_ethiopia_proclamation_no_958_2016_computer_crime_proclamation_page_9104.json
I, [2024-03-16T17:35:44.922313 #69713]  INFO -- : Processed and cleaned Hate Speech Proclamation_duplicate_cleaned
I, [2024-03-16T17:36:24.350621 #69778]  INFO -- : Processed and cleaned Computer Crime Proclamation_duplicate_cleaned
I, [2024-03-16T17:36:43.494716 #69796]  INFO -- : Processed and cleaned Computer Crime Proclamation_duplicate_cleaned
I, [2024-03-16T17:37:35.875085 #69867]  INFO -- : Processed and cleaned Computer Crime Proclamation_duplicate_cleaned
I, [2024-03-16T17:38:04.497798 #69913]  INFO -- : Processed and cleaned Computer Crime Proclamation_duplicate_cleaned
I, [2024-03-16T17:40:55.974246 #69913]  INFO -- : Successfully created JSON file: serialized_files/federal_negarit_gazette_of_the_federal_democratic_republic_of_ethiopia_proclamation_no_958_2016_computer_crime_proclamation_page_9104.json
I, [2024-03-16T17:41:35.363283 #69913]  INFO -- : Processed and cleaned Hate Speech Proclamation_duplicate_cleaned
I, [2024-03-16T17:49:41.808920 #70586]  INFO -- : Processed and cleaned Computer Crime Proclamation_duplicate_cleaned
I, [2024-03-16T17:49:41.816526 #70586]  INFO -- : Successfully created JSON file: serialized_files/federal_negarit_gazette_of_the_federal_democratic_republic_of_ethiopia_proclamation_no_958_2016_computer_crime_proclamation_page_9104.json
I, [2024-03-16T17:49:41.823857 #70586]  INFO -- : Processed and cleaned Hate Speech Proclamation_duplicate_cleaned
I, [2024-03-16T17:49:41.824551 #70586]  INFO -- : Successfully created JSON file: serialized_files/nu_t_uz_q_1_negarit_g_p_o_box_80001_n_u_unit_price_federal_negarit_gazette_of_the_federal_democratic_republic_of_ethiopia.json
I, [2024-03-16T17:53:18.692588 #70811]  INFO -- : Processed and cleaned Computer Crime Proclamation_duplicate_cleaned
I, [2024-03-16T17:53:18.701680 #70811]  INFO -- : Successfully created JSON file: serialized_files/federal_negarit_gazette_of_the_federal_democratic_republic_of_ethiopia_proclamation_no_958_2016_computer_crime_proclamation_page_9104.json
I, [2024-03-16T17:53:18.710193 #70811]  INFO -- : Processed and cleaned Hate Speech Proclamation_duplicate_cleaned
I, [2024-03-16T17:53:18.710932 #70811]  INFO -- : Successfully created JSON file: serialized_files/nu_t_uz_q_1_negarit_g_p_o_box_80001_n_u_unit_price_federal_negarit_gazette_of_the_federal_democratic_republic_of_ethiopia.json
I, [2024-03-16T17:57:14.020711 #71100]  INFO -- : Processed and cleaned Computer Crime Proclamation_duplicate_cleaned
I, [2024-03-16T17:57:14.025070 #71100]  INFO -- : Successfully created JSON file: serialized_files/of_the_federal_democratic_republic_of_ethiopia_proclamation_no_958_2016_computer_crime_proclamation_page_9104.json
I, [2024-03-16T17:57:14.033618 #71100]  INFO -- : Processed and cleaned Hate Speech Proclamation_duplicate_cleaned
I, [2024-03-16T17:57:14.034290 #71100]  INFO -- : Successfully created JSON file: serialized_files/of_the_federal_democratic_republic_of_ethiopia.json
I, [2024-03-16T18:03:16.317644 #71461]  INFO -- : Processed and cleaned Computer Crime Proclamation_duplicate_cleaned
I, [2024-03-16T18:03:16.323739 #71461]  INFO -- : Successfully created JSON file: serialized_files/federal_negarit_gazette_of_the_federal_democratic_republic_of_ethiopia_proclamation_no_958_2016_computer_crime_proclamation_page_9104.json
I, [2024-03-16T18:03:16.333783 #71461]  INFO -- : Processed and cleaned Hate Speech Proclamation_duplicate_cleaned
I, [2024-03-16T18:03:16.334539 #71461]  INFO -- : Successfully created JSON file: serialized_files/federal_negarit_gazette_of_the_federal_democratic_republic_of_ethiopia.json
I, [2024-03-16T18:06:26.356730 #71672]  INFO -- : Processed and cleaned Computer Crime Proclamation_duplicate_cleaned
I, [2024-03-16T18:06:26.361171 #71672]  INFO -- : Successfully created JSON file: serialized_files/federal_negarit_gazette_of_the_federal_democratic_republic_of_ethiopia_proclamation_no_958_2016_computer_crime_proclamation_page_9104.json
I, [2024-03-16T18:06:26.370885 #71672]  INFO -- : Processed and cleaned Hate Speech Proclamation_duplicate_cleaned
I, [2024-03-16T18:06:26.371491 #71672]  INFO -- : Successfully created JSON file: serialized_files/federal_negarit_gazette_of_the_federal_democratic_republic_of_ethiopia.json
I, [2024-03-16T18:07:38.678497 #71787]  INFO -- : Processed and cleaned Computer Crime Proclamation_duplicate_cleaned
I, [2024-03-16T18:07:38.685077 #71787]  INFO -- : Successfully created JSON file: serialized_files/federal_negarit_gazette_of_the_federal_democratic_republic_of_ethiopia_proclamation_no_958_2016_computer_crime_proclamation_page_9104.json
I, [2024-03-16T18:07:38.695994 #71787]  INFO -- : Processed and cleaned Hate Speech Proclamation_duplicate_cleaned
I, [2024-03-16T18:07:38.696806 #71787]  INFO -- : Successfully created JSON file: serialized_files/federal_negarit_gazette_of_the_federal_democratic_republic_of_ethiopia.json
I, [2024-03-16T18:10:49.343052 #72017]  INFO -- : Processed and cleaned Computer Crime Proclamation_duplicate_cleaned
I, [2024-03-16T18:10:49.350009 #72017]  INFO -- : Successfully created JSON file: serialized_files/federal_negarit_gazette_of_the_federal_democratic_republic_of_ethiopia_proclamation_no_958_2016_computer_crime_proclamation_page_9104.json
I, [2024-03-16T18:10:49.359028 #72017]  INFO -- : Processed and cleaned Hate Speech Proclamation_duplicate_cleaned
I, [2024-03-16T18:10:49.359980 #72017]  INFO -- : Successfully created JSON file: serialized_files/federal_negarit_gazette_of_the_federal_democratic_republic_of_ethiopia.json
I, [2024-03-16T18:14:13.190209 #72255]  INFO -- : Processed and cleaned Computer Crime Proclamation_duplicate_cleaned
I, [2024-03-16T18:14:13.197294 #72255]  INFO -- : Successfully created JSON file: serialized_files/federal_negarit_gazette_of_the_federal_democratic_republic_of_ethiopia_proclamation_no_958_2016_computer_crime_proclamation_page_9104.json
I, [2024-03-16T18:14:13.207863 #72255]  INFO -- : Processed and cleaned Hate Speech Proclamation_duplicate_cleaned
I, [2024-03-16T18:14:13.208751 #72255]  INFO -- : Successfully created JSON file: serialized_files/federal_negarit_gazette_of_the_federal_democratic_republic_of_ethiopia.json
I, [2024-03-16T18:20:48.735159 #72626]  INFO -- : Processed and cleaned Computer Crime Proclamation_duplicate_cleaned
I, [2024-03-16T18:21:39.671240 #72626]  INFO -- : Successfully created JSON file: serialized_files/federal_negarit_gazette_of_the_federal_democratic_republic_of_ethiopia_proclamation_no_958_2016_computer_crime_proclamation_page_9104.json
I, [2024-03-16T18:22:04.624169 #72626]  INFO -- : Processed and cleaned Hate Speech Proclamation_duplicate_cleaned
I, [2024-03-16T18:25:28.971598 #72626]  INFO -- : Successfully created JSON file: serialized_files/federal_negarit_gazette_of_the_federal_democratic_republic_of_ethiopia.json
I, [2024-03-16T18:37:41.251188 #73556]  INFO -- : Processed and cleaned Computer Crime Proclamation_duplicate_cleaned
I, [2024-03-16T18:37:41.256024 #73556]  INFO -- : Successfully created JSON file: serialized_files/proclamation_no_958_2016.json
I, [2024-03-16T18:37:41.266243 #73556]  INFO -- : Processed and cleaned Hate Speech Proclamation_duplicate_cleaned
I, [2024-03-16T18:41:57.915988 #73824]  INFO -- : Processed and cleaned Computer Crime Proclamation_duplicate_cleaned
I, [2024-03-16T18:42:36.011951 #73874]  INFO -- : Processed and cleaned Computer Crime Proclamation_duplicate_cleaned
I, [2024-03-16T18:42:36.015339 #73874]  INFO -- : Successfully created JSON file: serialized_files/proclamation_no_958_2016.json
I, [2024-03-16T18:42:36.025185 #73874]  INFO -- : Processed and cleaned Hate Speech Proclamation_duplicate_cleaned
I, [2024-03-16T18:43:38.015778 #73966]  INFO -- : Processed and cleaned Computer Crime Proclamation_duplicate_cleaned
I, [2024-03-16T18:43:38.019534 #73966]  INFO -- : Successfully created JSON file: serialized_files/proclamation_no_958_2016.json
I, [2024-03-16T18:43:38.026771 #73966]  INFO -- : Processed and cleaned Hate Speech Proclamation_duplicate_cleaned
I, [2024-03-16T18:45:14.489349 #74083]  INFO -- : Processed and cleaned Computer Crime Proclamation_duplicate_cleaned
I, [2024-03-16T18:45:14.492677 #74083]  INFO -- : Successfully created JSON file: serialized_files/proclamation_no_958_2016.json
I, [2024-03-16T18:45:14.498991 #74083]  INFO -- : Processed and cleaned Hate Speech Proclamation_duplicate_cleaned
I, [2024-03-16T18:46:20.036663 #74209]  INFO -- : Processed and cleaned Computer Crime Proclamation_duplicate_cleaned
I, [2024-03-16T18:46:20.040199 #74209]  INFO -- : Successfully created JSON file: serialized_files/federal_negarit_gazette_of_the_federal_democratic_republic_of_ethiopia_proclamation_no_958_2016_computer_crime_proclamation_page_9104.json
I, [2024-03-16T18:46:20.045374 #74209]  INFO -- : Processed and cleaned Hate Speech Proclamation_duplicate_cleaned
I, [2024-03-16T18:47:19.665491 #74312]  INFO -- : Processed and cleaned Computer Crime Proclamation_duplicate_cleaned
I, [2024-03-16T18:47:19.668646 #74312]  INFO -- : Successfully created JSON file: serialized_files/proclamation_no_958_2016.json
I, [2024-03-16T18:47:19.677867 #74312]  INFO -- : Processed and cleaned Hate Speech Proclamation_duplicate_cleaned
I, [2024-03-16T18:57:07.877971 #74815]  INFO -- : Processed and cleaned Computer Crime Proclamation_duplicate_cleaned
I, [2024-03-16T18:57:07.880496 #74815]  INFO -- : Successfully created JSON file: serialized_files/proclamation_no_958_2016.json
I, [2024-03-16T18:57:07.888041 #74815]  INFO -- : Processed and cleaned Hate Speech Proclamation_duplicate_cleaned
I, [2024-03-16T18:59:30.067038 #74952]  INFO -- : Processed and cleaned Computer Crime Proclamation_duplicate_cleaned
I, [2024-03-16T19:00:16.667217 #74952]  INFO -- : Successfully created JSON file: serialized_files/proclamation_no_958_2016.json
I, [2024-03-16T19:01:13.052466 #74952]  INFO -- : Processed and cleaned Hate Speech Proclamation_duplicate_cleaned
I, [2024-03-16T19:09:25.533630 #75456]  INFO -- : Processed and cleaned Computer Crime Proclamation_duplicate_cleaned
I, [2024-03-16T19:09:35.322201 #75456]  INFO -- : Successfully created JSON file: serialized_files/proclamation_no_958_2016.json
I, [2024-03-16T19:09:50.981866 #75456]  INFO -- : Processed and cleaned Hate Speech Proclamation_duplicate_cleaned
I, [2024-03-16T19:10:21.041781 #75456]  INFO -- : Successfully created JSON file: serialized_files/proclamation_no_1185_2020.json
I, [2024-03-16T19:28:15.972880 #76318]  INFO -- : Processed and cleaned Computer Crime Proclamation_duplicate_cleaned
I, [2024-03-16T19:28:15.983609 #76318]  INFO -- : Successfully created JSON file: serialized_files/proclamation_no_958_2016.json
I, [2024-03-16T19:28:15.993240 #76318]  INFO -- : Processed and cleaned Hate Speech Proclamation_duplicate_cleaned
I, [2024-03-16T19:30:06.777390 #76402]  INFO -- : Processed and cleaned Computer Crime Proclamation_duplicate_cleaned
I, [2024-03-16T19:30:51.193625 #76402]  INFO -- : Successfully created JSON file: serialized_files/proclamation_no_958_2016.json
I, [2024-03-16T19:31:00.034655 #76402]  INFO -- : Processed and cleaned Hate Speech Proclamation_duplicate_cleaned
I, [2024-03-16T19:42:52.320893 #76934]  INFO -- : Processed and cleaned Computer Crime Proclamation_duplicate_cleaned
I, [2024-03-16T19:42:52.329104 #76934]  INFO -- : Successfully created JSON file: serialized_files/proclamation_no_958_2016.json
I, [2024-03-16T19:42:52.335278 #76934]  INFO -- : Processed and cleaned Hate Speech Proclamation_duplicate_cleaned
I, [2024-03-16T19:42:52.335609 #76934]  INFO -- : Successfully created JSON file: serialized_files/proclamation_no_1185_2020.json
I, [2024-03-16T19:43:36.998370 #76999]  INFO -- : Processed and cleaned Computer Crime Proclamation_duplicate_cleaned
I, [2024-03-16T19:44:12.851857 #76999]  INFO -- : Successfully created JSON file: serialized_files/proclamation_no_958_2016.json
I, [2024-03-16T19:44:21.130689 #76999]  INFO -- : Processed and cleaned Hate Speech Proclamation_duplicate_cleaned
I, [2024-03-16T19:58:12.555692 #77476]  INFO -- : Processed and cleaned Computer Crime Proclamation_duplicate_cleaned
I, [2024-03-16T19:58:22.638146 #77490]  INFO -- : Processed and cleaned Computer Crime Proclamation_duplicate_cleaned
I, [2024-03-16T19:58:36.208044 #77499]  INFO -- : Processed and cleaned Computer Crime Proclamation_duplicate_cleaned
I, [2024-03-16T20:03:33.932232 #77673]  INFO -- : Processed and cleaned Computer Crime Proclamation_duplicate_cleaned
I, [2024-03-16T20:04:38.009368 #77742]  INFO -- : Processed and cleaned Computer Crime Proclamation_duplicate_cleaned
I, [2024-03-16T20:05:27.914823 #77784]  INFO -- : Processed and cleaned Computer Crime Proclamation_duplicate_cleaned
I, [2024-03-16T20:05:31.962969 #77784]  INFO -- : Successfully created JSON file: serialized_files/proclamation_no_958_2016.json
I, [2024-03-16T20:05:35.402149 #77784]  INFO -- : Processed and cleaned Hate Speech Proclamation_duplicate_cleaned
I, [2024-03-16T20:05:57.970949 #77848]  INFO -- : Processed and cleaned Computer Crime Proclamation_duplicate_cleaned
I, [2024-03-16T20:08:35.736115 #77848]  INFO -- : Successfully created JSON file: serialized_files/proclamation_no_958_2016.json
I, [2024-03-16T20:08:46.645940 #77848]  INFO -- : Processed and cleaned Hate Speech Proclamation_duplicate_cleaned
I, [2024-03-20T15:46:51.779347 #41721]  INFO -- : Processed and cleaned Computer Crime Proclamation_duplicate_cleaned
I, [2024-03-20T15:47:18.214191 #41747]  INFO -- : Processed and cleaned Computer Crime Proclamation_duplicate_cleaned
I, [2024-03-20T15:47:18.216712 #41747]  INFO -- : Successfully created JSON file: serialized_files/proclamation_no_958_2016.json
I, [2024-03-20T15:47:18.243792 #41747]  INFO -- : Processed and cleaned Hate Speech Proclamation_duplicate_cleaned
I, [2024-03-20T15:48:47.692515 #41799]  INFO -- : Processed and cleaned Computer Crime Proclamation_duplicate_cleaned
I, [2024-03-20T15:48:47.694597 #41799]  INFO -- : Successfully created JSON file: serialized_files/proclamation_no_958_2016.json
